<?xml version="1.0" encoding="UTF-8"?>
<Site BuildName="(empty)"
	BuildStamp="20240629-0731-Experimental"
	Name="victorkawai"
	Generator="ctest-3.22.1"
	CompilerName="/usr/bin/c++"
	CompilerVersion="10.5.0"
	OSName="Linux"
	Hostname="victorkawai"
	OSRelease="6.5.0-41-generic"
	OSVersion="#41~22.04.2-Ubuntu SMP PREEMPT_DYNAMIC Mon Jun  3 11:32:55 UTC 2"
	OSPlatform="x86_64"
	Is64Bits="1"
	VendorString="GenuineIntel"
	VendorID="Intel Corporation"
	FamilyID="6"
	ModelID="183"
	ProcessorCacheSize="36864"
	NumberOfLogicalCPU="32"
	NumberOfPhysicalCPU="24"
	TotalVirtualMemory="0"
	TotalPhysicalMemory="31727"
	LogicalProcessorsPerPhysical="1"
	ProcessorClockFrequency="3000.19"
	>
	<Testing>
		<StartDateTime>Jun 29 09:31 CEST</StartDateTime>
		<StartTestTime>1719646314</StartTestTime>
		<TestList/>
		<EndDateTime>Jun 29 09:31 CEST</EndDateTime>
		<EndTestTime>1719646314</EndTestTime>
		<ElapsedMinutes>0</ElapsedMinutes>
	</Testing>
</Site>
