<?xml version="1.0" encoding="UTF-8"?>
<Site BuildName="(empty)"
	BuildStamp="20240604-1950-Experimental"
	Name="victorkawai"
	Generator="ctest-3.22.1"
	CompilerName="/usr/bin/c++"
	CompilerVersion="10.5.0"
	OSName="Linux"
	Hostname="victorkawai"
	OSRelease="6.5.0-35-generic"
	OSVersion="#35~22.04.1-Ubuntu SMP PREEMPT_DYNAMIC Tue May  7 09:00:52 UTC 2"
	OSPlatform="x86_64"
	Is64Bits="1"
	VendorString="GenuineIntel"
	VendorID="Intel Corporation"
	FamilyID="6"
	ModelID="183"
	ProcessorCacheSize="36864"
	NumberOfLogicalCPU="32"
	NumberOfPhysicalCPU="24"
	TotalVirtualMemory="0"
	TotalPhysicalMemory="31727"
	LogicalProcessorsPerPhysical="1"
	ProcessorClockFrequency="1047.62"
	>
	<Testing>
		<StartDateTime>Jun 04 21:50 CEST</StartDateTime>
		<StartTestTime>1717530600</StartTestTime>
		<TestList/>
		<EndDateTime>Jun 04 21:50 CEST</EndDateTime>
		<EndTestTime>1717530600</EndTestTime>
		<ElapsedMinutes>0</ElapsedMinutes>
	</Testing>
</Site>
